app/build/intermediates/manifest_merge_blame_file/debug/manifest-merger-blame-debug-report.txt
1<?xml version="1.0" encoding="utf-8"?>
2<manifest xmlns:android="http://schemas.android.com/apk/res/android"
3    package="com.example.knowledger"
4    android:versionCode="1"
5    android:versionName="1.0" >
6
7    <uses-sdk
8        android:minSdkVersion="21"
8-->src\main\AndroidManifest.xml
9        android:targetSdkVersion="29" />
9-->src\main\AndroidManifest.xml
10
11    <!-- To store the heap dumps and leak analysis results. -->
12    <uses-permission android:name="android.permission.READ_EXTERNAL_STORAGE" />
12-->[com.squareup.leakcanary:leakcanary-android:1.5.1] AndroidManifest.xml:23:5-80
12-->[com.squareup.leakcanary:leakcanary-android:1.5.1] AndroidManifest.xml:23:22-77
13    <uses-permission android:name="android.permission.WRITE_EXTERNAL_STORAGE" />
13-->[com.squareup.leakcanary:leakcanary-android:1.5.1] AndroidManifest.xml:24:5-81
13-->[com.squareup.leakcanary:leakcanary-android:1.5.1] AndroidManifest.xml:24:22-78
14
15    <application
15-->src\main\AndroidManifest.xml:5:5-30:19
16        android:allowBackup="true"
16-->src\main\AndroidManifest.xml:6:9-35
17        android:appComponentFactory="androidx.core.app.CoreComponentFactory"
17-->[androidx.core:core:1.1.0] AndroidManifest.xml:24:18-86
18        android:debuggable="true"
19        android:icon="@mipmap/ic_launcher"
19-->src\main\AndroidManifest.xml:7:9-43
20        android:label="@string/app_name"
20-->src\main\AndroidManifest.xml:8:9-41
21        android:networkSecurityConfig="@xml/network_security_config"
21-->src\main\AndroidManifest.xml:9:9-69
22        android:roundIcon="@mipmap/ic_launcher_round"
22-->src\main\AndroidManifest.xml:10:9-54
23        android:supportsRtl="true"
23-->src\main\AndroidManifest.xml:11:9-35
24        android:testOnly="true"
25        android:theme="@style/AppTheme" >
25-->src\main\AndroidManifest.xml:12:9-40
26        <activity android:name="com.example.materialapp.AddActivity" />
26-->src\main\AndroidManifest.xml:13:9-58
26-->src\main\AndroidManifest.xml:13:19-46
27        <activity android:name="com.example.materialapp.Dashboard" />
27-->src\main\AndroidManifest.xml:14:9-47
27-->src\main\AndroidManifest.xml:14:19-44
28        <activity android:name="com.example.materialapp.RegisterActivity" />
28-->src\main\AndroidManifest.xml:15:9-54
28-->src\main\AndroidManifest.xml:15:19-51
29        <activity android:name="com.example.materialapp.LoginActivity" >
29-->src\main\AndroidManifest.xml:16:9-22:20
29-->src\main\AndroidManifest.xml:16:19-48
30            <intent-filter>
30-->src\main\AndroidManifest.xml:17:13-21:29
31                <action android:name="android.intent.action.MAIN" />
31-->src\main\AndroidManifest.xml:18:17-69
31-->src\main\AndroidManifest.xml:18:25-66
32
33                <category android:name="android.intent.category.LAUNCHER" />
33-->src\main\AndroidManifest.xml:20:17-77
33-->src\main\AndroidManifest.xml:20:27-74
34            </intent-filter>
35        </activity>
36        <activity android:name="com.example.materialapp.MainActivity" >
36-->src\main\AndroidManifest.xml:23:9-29:20
36-->src\main\AndroidManifest.xml:23:19-47
37            <intent-filter>
37-->src\main\AndroidManifest.xml:17:13-21:29
38                <action android:name="android.intent.action.MAIN" />
38-->src\main\AndroidManifest.xml:18:17-69
38-->src\main\AndroidManifest.xml:18:25-66
39
40                <category android:name="android.intent.category.LAUNCHER" />
40-->src\main\AndroidManifest.xml:20:17-77
40-->src\main\AndroidManifest.xml:20:27-74
41            </intent-filter>
42        </activity>
43
44        <service
44-->[com.squareup.leakcanary:leakcanary-android:1.5.1] AndroidManifest.xml:27:9-30:45
45            android:name="com.squareup.leakcanary.internal.HeapAnalyzerService"
45-->[com.squareup.leakcanary:leakcanary-android:1.5.1] AndroidManifest.xml:28:13-80
46            android:enabled="false"
46-->[com.squareup.leakcanary:leakcanary-android:1.5.1] AndroidManifest.xml:29:13-36
47            android:process=":leakcanary" />
47-->[com.squareup.leakcanary:leakcanary-android:1.5.1] AndroidManifest.xml:30:13-42
48        <service
48-->[com.squareup.leakcanary:leakcanary-android:1.5.1] AndroidManifest.xml:31:9-33:39
49            android:name="com.squareup.leakcanary.DisplayLeakService"
49-->[com.squareup.leakcanary:leakcanary-android:1.5.1] AndroidManifest.xml:32:13-70
50            android:enabled="false" />
50-->[com.squareup.leakcanary:leakcanary-android:1.5.1] AndroidManifest.xml:33:13-36
51
52        <activity
52-->[com.squareup.leakcanary:leakcanary-android:1.5.1] AndroidManifest.xml:35:9-47:20
53            android:name="com.squareup.leakcanary.internal.DisplayLeakActivity"
53-->[com.squareup.leakcanary:leakcanary-android:1.5.1] AndroidManifest.xml:36:13-80
54            android:enabled="false"
54-->[com.squareup.leakcanary:leakcanary-android:1.5.1] AndroidManifest.xml:37:13-36
55            android:icon="@drawable/leak_canary_icon"
55-->[com.squareup.leakcanary:leakcanary-android:1.5.1] AndroidManifest.xml:38:13-54
56            android:label="@string/leak_canary_display_activity_label"
56-->[com.squareup.leakcanary:leakcanary-android:1.5.1] AndroidManifest.xml:39:13-71
57            android:taskAffinity="com.squareup.leakcanary.com.example.knowledger"
57-->[com.squareup.leakcanary:leakcanary-android:1.5.1] AndroidManifest.xml:40:13-76
58            android:theme="@style/leak_canary_LeakCanary.Base" >
58-->[com.squareup.leakcanary:leakcanary-android:1.5.1] AndroidManifest.xml:41:13-63
59            <intent-filter>
59-->src\main\AndroidManifest.xml:17:13-21:29
60                <action android:name="android.intent.action.MAIN" />
60-->src\main\AndroidManifest.xml:18:17-69
60-->src\main\AndroidManifest.xml:18:25-66
61
62                <category android:name="android.intent.category.LAUNCHER" />
62-->src\main\AndroidManifest.xml:20:17-77
62-->src\main\AndroidManifest.xml:20:27-74
63            </intent-filter>
64        </activity>
65        <activity
65-->[com.squareup.leakcanary:leakcanary-android:1.5.1] AndroidManifest.xml:48:9-54:68
66            android:name="com.squareup.leakcanary.internal.RequestStoragePermissionActivity"
66-->[com.squareup.leakcanary:leakcanary-android:1.5.1] AndroidManifest.xml:49:13-93
67            android:enabled="false"
67-->[com.squareup.leakcanary:leakcanary-android:1.5.1] AndroidManifest.xml:50:13-36
68            android:icon="@drawable/leak_canary_icon"
68-->[com.squareup.leakcanary:leakcanary-android:1.5.1] AndroidManifest.xml:51:13-54
69            android:label="@string/leak_canary_storage_permission_activity_label"
69-->[com.squareup.leakcanary:leakcanary-android:1.5.1] AndroidManifest.xml:52:13-82
70            android:taskAffinity="com.squareup.leakcanary.com.example.knowledger"
70-->[com.squareup.leakcanary:leakcanary-android:1.5.1] AndroidManifest.xml:53:13-76
71            android:theme="@style/leak_canary_Theme.Transparent" />
71-->[com.squareup.leakcanary:leakcanary-android:1.5.1] AndroidManifest.xml:54:13-65
72        <activity
72-->[com.facebook.android:facebook-common:4.42.0] AndroidManifest.xml:29:9-32:66
73            android:name="com.facebook.FacebookActivity"
73-->[com.facebook.android:facebook-common:4.42.0] AndroidManifest.xml:30:13-57
74            android:configChanges="keyboard|keyboardHidden|screenLayout|screenSize|orientation"
74-->[com.facebook.android:facebook-common:4.42.0] AndroidManifest.xml:31:13-96
75            android:theme="@style/com_facebook_activity_theme" />
75-->[com.facebook.android:facebook-common:4.42.0] AndroidManifest.xml:32:13-63
76        <activity android:name="com.facebook.CustomTabMainActivity" />
76-->[com.facebook.android:facebook-common:4.42.0] AndroidManifest.xml:33:9-71
76-->[com.facebook.android:facebook-common:4.42.0] AndroidManifest.xml:33:19-68
77        <activity android:name="com.facebook.CustomTabActivity" />
77-->[com.facebook.android:facebook-common:4.42.0] AndroidManifest.xml:34:9-67
77-->[com.facebook.android:facebook-common:4.42.0] AndroidManifest.xml:34:19-64
78        <!--
79         The initialization ContentProvider will call FacebookSdk.sdkInitialize automatically
80         with the application context. This config is merged in with the host app's manifest,
81         but there can only be one provider with the same authority activated at any given
82         point; so if the end user has two or more different apps that use Facebook SDK, only the
83         first one will be able to use the provider. To work around this problem, we use the
84         following placeholder in the authority to identify each host application as if it was
85         a completely different provider.
86        -->
87        <provider
87-->[com.facebook.android:facebook-core:4.42.0] AndroidManifest.xml:39:9-42:40
88            android:name="com.facebook.internal.FacebookInitProvider"
88-->[com.facebook.android:facebook-core:4.42.0] AndroidManifest.xml:40:13-70
89            android:authorities="com.example.knowledger.FacebookInitProvider"
89-->[com.facebook.android:facebook-core:4.42.0] AndroidManifest.xml:41:13-72
90            android:exported="false" />
90-->[com.facebook.android:facebook-core:4.42.0] AndroidManifest.xml:42:13-37
91
92        <receiver
92-->[com.facebook.android:facebook-core:4.42.0] AndroidManifest.xml:44:9-50:20
93            android:name="com.facebook.CurrentAccessTokenExpirationBroadcastReceiver"
93-->[com.facebook.android:facebook-core:4.42.0] AndroidManifest.xml:45:13-86
94            android:exported="false" >
94-->[com.facebook.android:facebook-core:4.42.0] AndroidManifest.xml:46:13-37
95            <intent-filter>
95-->[com.facebook.android:facebook-core:4.42.0] AndroidManifest.xml:47:13-49:29
96                <action android:name="com.facebook.sdk.ACTION_CURRENT_ACCESS_TOKEN_CHANGED" />
96-->[com.facebook.android:facebook-core:4.42.0] AndroidManifest.xml:48:17-95
96-->[com.facebook.android:facebook-core:4.42.0] AndroidManifest.xml:48:25-92
97            </intent-filter>
98        </receiver>
99    </application>
100
101</manifest>